生成启动时间为 2013/3/18 18:49:29。
     1>项目“C:\Users\spf\Desktop\一定好用\arpc\arpc.vcxproj”在节点 2 上(build 个目标)。
     1>InitializeBuildStatus:
         正在创建“Debug\arpc.unsuccessfulbuild”，因为已指定“AlwaysCreate”。
       ClCompile:
         所有输出均为最新。
         C:\Program Files\Microsoft Visual Studio 10.0\VC\bin\CL.exe /c /ZI /nologo /W3 /WX- /Od /Oy- /D WPCAP /D HAVE_REMOTE /D WIN32 /D _WINDOWS /D _DEBUG /D _UNICODE /D UNICODE /D _AFXDLL /D WPCAP /Gm /EHsc /RTC1 /MDd /GS /fp:precise /Zc:wchar_t /Zc:forScope /Yu"StdAfx.h" /Fp"Debug\arpc.pch" /Fo"Debug\\" /Fd"Debug\vc100.pdb" /Gd /TP /analyze- /errorReport:prompt arpcDlg.cpp
         arpcDlg.cpp
     1>c:\users\spf\desktop\一定好用\arpc\arpcdlg.cpp(227): warning C4996: 'sprintf': This function or variable may be unsafe. Consider using sprintf_s instead. To disable deprecation, use _CRT_SECURE_NO_WARNINGS. See online help for details.
                 c:\program files\microsoft visual studio 10.0\vc\include\stdio.h(371) : 参见“sprintf”的声明
     1>c:\users\spf\desktop\一定好用\arpc\arpcdlg.cpp(291): warning C4996: 'sprintf': This function or variable may be unsafe. Consider using sprintf_s instead. To disable deprecation, use _CRT_SECURE_NO_WARNINGS. See online help for details.
                 c:\program files\microsoft visual studio 10.0\vc\include\stdio.h(371) : 参见“sprintf”的声明
       ResourceCompile:
         所有输出均为最新。
       ManifestResourceCompile:
         所有输出均为最新。
       Link:
         C:\Program Files\Microsoft Visual Studio 10.0\VC\bin\link.exe /ERRORREPORT:PROMPT /OUT:"C:\Users\spf\Desktop\一定好用\Debug\arpc.exe" /INCREMENTAL /NOLOGO wpcap.lib ws2_32.lib Packet.lib /MANIFEST /ManifestFile:"Debug\arpc.exe.intermediate.manifest" /MANIFESTUAC:"level='asInvoker' uiAccess='false'" /DEBUG /PDB:"C:\Users\spf\Desktop\一定好用\Debug\arpc.pdb" /SUBSYSTEM:WINDOWS /TLBID:1 /ENTRY:"wWinMainCRTStartup" /DYNAMICBASE /NXCOMPAT /IMPLIB:"C:\Users\spf\Desktop\一定好用\Debug\arpc.lib" /MACHINE:X86 Debug\arpc.res
         Debug\arpc.exe.embed.manifest.res
         Debug\arpc.obj
         Debug\arpcDlg.obj
         Debug\stdafx.obj
       Manifest:
         C:\Program Files\Microsoft SDKs\Windows\v7.0A\bin\mt.exe /nologo /verbose /out:"Debug\arpc.exe.embed.manifest" /manifest Debug\arpc.exe.intermediate.manifest "C:\Program Files\Microsoft Visual Studio 10.0\VC\Include\Manifest\dpiaware.manifest"
         所有输出均为最新。
       LinkEmbedManifest:
         所有输出均为最新。
         arpc.vcxproj -> C:\Users\spf\Desktop\一定好用\Debug\arpc.exe
       FinalizeBuildStatus:
         正在删除文件“Debug\arpc.unsuccessfulbuild”。
         正在对“Debug\arpc.lastbuildstate”执行 Touch 任务。
     1>已完成生成项目“C:\Users\spf\Desktop\一定好用\arpc\arpc.vcxproj”(build 个目标)的操作。

生成成功。

已用时间 00:00:02.69
