生成启动时间为 2013/3/22 Alaya PM 12:24:22。
     1>项目“C:\Users\马林海\Desktop\软信1002 马林海\WinpcapMFC\WinpcapMFC\WinpcapMFC.vcxproj”在节点 2 上(build 个目标)。
     1>InitializeBuildStatus:
         正在创建“Debug\WinpcapMFC.unsuccessfulbuild”，因为已指定“AlwaysCreate”。
       ClCompile:
         c:\Program Files (x86)\Microsoft Visual Studio 10.0\VC\bin\CL.exe /c /ZI /nologo /W3 /WX- /Od /Oy- /D WIN32 /D _WINDOWS /D _DEBUG /D _UNICODE /D UNICODE /D _AFXDLL /D WPCAP /Gm /EHsc /RTC1 /MDd /GS /fp:precise /Zc:wchar_t /Zc:forScope /Yc"StdAfx.h" /Fp"Debug\WinpcapMFC.pch" /Fo"Debug\\" /Fd"Debug\vc100.pdb" /Gd /TP /analyze- /errorReport:prompt stdafx.cpp
         stdafx.cpp
         c:\Program Files (x86)\Microsoft Visual Studio 10.0\VC\bin\CL.exe /c /ZI /nologo /W3 /WX- /Od /Oy- /D WIN32 /D _WINDOWS /D _DEBUG /D _UNICODE /D UNICODE /D _AFXDLL /D WPCAP /Gm /EHsc /RTC1 /MDd /GS /fp:precise /Zc:wchar_t /Zc:forScope /Yu"StdAfx.h" /Fp"Debug\WinpcapMFC.pch" /Fo"Debug\\" /Fd"Debug\vc100.pdb" /Gd /TP /analyze- /errorReport:prompt Result.cpp WinpcapMFC.cpp WinpcapMFCDlg.cpp arpCallBack.cpp connectToMySQL.cpp getResult.cpp ipCallBack.cpp tcpCallBack.cpp udpCallBack.cpp
         正在跳过...(未检测到相关更改)
         udpCallBack.cpp
         tcpCallBack.cpp
         ipCallBack.cpp
         getResult.cpp
         connectToMySQL.cpp
         arpCallBack.cpp
         WinpcapMFCDlg.cpp
         WinpcapMFC.cpp
         Result.cpp
       ResourceCompile:
         C:\Program Files (x86)\Microsoft SDKs\Windows\v7.0A\bin\rc.exe /D _DEBUG /D _UNICODE /D UNICODE /D _AFXDLL /l"0x0804" /IDebug\ /nologo /fo"Debug\WinpcapMFC.res" WinpcapMFC.rc 
       ManifestResourceCompile:
         C:\Program Files (x86)\Microsoft SDKs\Windows\v7.0A\bin\rc.exe /nologo /fo"Debug\WinpcapMFC.exe.embed.manifest.res" Debug\WinpcapMFC_manifest.rc 
       Link:
         c:\Program Files (x86)\Microsoft Visual Studio 10.0\VC\bin\link.exe /ERRORREPORT:PROMPT /OUT:"C:\Users\马林海\Desktop\软信1002 马林海\WinpcapMFC\Debug\WinpcapMFC.exe" /INCREMENTAL /NOLOGO kernel32.lib user32.lib gdi32.lib winspool.lib comdlg32.lib advapi32.lib shell32.lib ole32.lib oleaut32.lib uuid.lib odbc32.lib odbccp32.lib wpcap.lib ws2_32.lib libmysql.lib /MANIFEST /ManifestFile:"Debug\WinpcapMFC.exe.intermediate.manifest" /MANIFESTUAC:"level='asInvoker' uiAccess='false'" /DEBUG /PDB:"C:\Users\马林海\Desktop\软信1002 马林海\WinpcapMFC\Debug\WinpcapMFC.pdb" /SUBSYSTEM:WINDOWS /TLBID:1 /ENTRY:"wWinMainCRTStartup" /DYNAMICBASE /NXCOMPAT /IMPLIB:"C:\Users\马林海\Desktop\软信1002 马林海\WinpcapMFC\Debug\WinpcapMFC.lib" /MACHINE:X86 Debug\WinpcapMFC.res
         Debug\WinpcapMFC.exe.embed.manifest.res
         Debug\arpCallBack.obj
         Debug\connectToMySQL.obj
         Debug\getResult.obj
         Debug\ipCallBack.obj
         Debug\Result.obj
         Debug\stdafx.obj
         Debug\tcpCallBack.obj
         Debug\udpCallBack.obj
         Debug\WinpcapMFC.obj
         Debug\WinpcapMFCDlg.obj
       Manifest:
         C:\Program Files (x86)\Microsoft SDKs\Windows\v7.0A\bin\mt.exe /nologo /verbose /out:"Debug\WinpcapMFC.exe.embed.manifest" /manifest Debug\WinpcapMFC.exe.intermediate.manifest "c:\Program Files (x86)\Microsoft Visual Studio 10.0\VC\Include\Manifest\dpiaware.manifest"
         所有输出均为最新。
       LinkEmbedManifest:
         所有输出均为最新。
         WinpcapMFC.vcxproj -> C:\Users\马林海\Desktop\软信1002 马林海\WinpcapMFC\Debug\WinpcapMFC.exe
       FinalizeBuildStatus:
         正在删除文件“Debug\WinpcapMFC.unsuccessfulbuild”。
         正在对“Debug\WinpcapMFC.lastbuildstate”执行 Touch 任务。
     1>已完成生成项目“C:\Users\马林海\Desktop\软信1002 马林海\WinpcapMFC\WinpcapMFC\WinpcapMFC.vcxproj”(build 个目标)的操作。

生成成功。

已用时间 00:00:22.93
